2020-12-06 11:14:39,019 INFO org.springframework.boot.StartupInfoLogger [main] Starting DeliveryControllerTest using Java 11.0.9.1 on hail-Inspiron-3542 with PID 6535 (started by hail in /home/hail/springBoot/Assessment/delivery)
2020-12-06 11:14:39,065 DEBUG org.springframework.boot.StartupInfoLogger [main] Running with Spring Boot v2.4.0, Spring v5.3.1
2020-12-06 11:14:39,069 INFO org.springframework.boot.SpringApplication [main] No active profile set, falling back to default profiles: default
2020-12-06 11:14:39,544 INFO org.hibernate.validator.internal.util.Version [background-preinit] HV000001: Hibernate Validator 6.1.6.Final
2020-12-06 11:15:08,068 INFO org.springframework.data.repository.config.RepositoryConfigurationDelegate [main] Bootstrapping Spring Data MongoDB repositories in DEFAULT mode.
2020-12-06 11:15:08,256 INFO org.springframework.data.repository.config.RepositoryConfigurationDelegate [main] Finished Spring Data repository scanning in 159 ms. Found 2 MongoDB repository interfaces.
2020-12-06 11:15:15,144 INFO com.mongodb.diagnostics.logging.SLF4JLogger [main] Cluster created with settings {hosts=[127.0.0.1:27017], srvHost=cluster0.1aqqw.mongodb.net, mode=MULTIPLE, requiredClusterType=REPLICA_SET, serverSelectionTimeout='30000 ms', requiredReplicaSetName='atlas-o4qyqe-shard-0'}
2020-12-06 11:15:15,360 INFO com.mongodb.diagnostics.logging.SLF4JLogger [cluster-ClusterId{value='5fcc6feb774c193eb605b4b6', description='null'}-srv-cluster0.1aqqw.mongodb.net] Adding discovered server cluster0-shard-00-02.1aqqw.mongodb.net:27017 to client view of cluster
2020-12-06 11:15:16,253 INFO com.mongodb.diagnostics.logging.SLF4JLogger [cluster-ClusterId{value='5fcc6feb774c193eb605b4b6', description='null'}-srv-cluster0.1aqqw.mongodb.net] Adding discovered server cluster0-shard-00-01.1aqqw.mongodb.net:27017 to client view of cluster
2020-12-06 11:15:16,257 INFO com.mongodb.diagnostics.logging.SLF4JLogger [cluster-ClusterId{value='5fcc6feb774c193eb605b4b6', description='null'}-srv-cluster0.1aqqw.mongodb.net] Adding discovered server cluster0-shard-00-00.1aqqw.mongodb.net:27017 to client view of cluster
2020-12-06 11:15:20,229 INFO org.springframework.security.web.DefaultSecurityFilterChain [main] Will secure any request with [org.springframework.security.web.context.request.async.WebAsyncManagerIntegrationFilter@d180961, org.springframework.security.web.context.SecurityContextPersistenceFilter@1dfe5dd1, org.springframework.security.web.header.HeaderWriterFilter@24068086, org.springframework.security.web.authentication.logout.LogoutFilter@708f7386, org.springframework.security.web.authentication.www.BasicAuthenticationFilter@69e36fe3, org.springframework.security.web.savedrequest.RequestCacheAwareFilter@1d06801f, org.springframework.security.web.servletapi.SecurityContextHolderAwareRequestFilter@79445efb, org.springframework.security.web.authentication.AnonymousAuthenticationFilter@4af7ac25, org.springframework.security.web.session.SessionManagementFilter@68c4a860, org.springframework.security.web.access.ExceptionTranslationFilter@2ef913a4, org.springframework.security.web.access.intercept.FilterSecurityInterceptor@6fdc2db6]
2020-12-06 11:15:21,936 INFO org.springframework.scheduling.concurrent.ExecutorConfigurationSupport [main] Initializing ExecutorService 'applicationTaskExecutor'
2020-12-06 11:15:23,535 INFO org.springframework.mock.web.MockServletContext [main] Initializing Spring TestDispatcherServlet ''
2020-12-06 11:15:23,537 INFO org.springframework.web.servlet.FrameworkServlet [main] Initializing Servlet ''
2020-12-06 11:15:23,553 INFO org.springframework.boot.actuate.endpoint.web.EndpointLinksResolver [main] Exposing 2 endpoint(s) beneath base path '/actuator'
2020-12-06 11:15:23,598 INFO org.springframework.web.servlet.FrameworkServlet [main] Completed initialization in 59 ms
2020-12-06 11:15:23,688 INFO org.springframework.boot.StartupInfoLogger [main] Started DeliveryControllerTest in 48.303 seconds (JVM running for 60.074)
2020-12-06 11:15:25,018 INFO org.springframework.mock.web.MockServletContext [main] Initializing Spring TestDispatcherServlet ''
2020-12-06 11:15:25,020 INFO org.springframework.web.servlet.FrameworkServlet [main] Initializing Servlet ''
2020-12-06 11:15:25,021 INFO org.springframework.web.servlet.FrameworkServlet [main] Completed initialization in 0 ms
2020-12-06 11:15:27,028 INFO org.springframework.scheduling.concurrent.ExecutorConfigurationSupport [SpringContextShutdownHook] Shutting down ExecutorService 'applicationTaskExecutor'
2020-12-06 11:19:50,093 INFO org.springframework.boot.StartupInfoLogger [main] Starting DeliveryControllerTest using Java 11.0.9.1 on hail-Inspiron-3542 with PID 6922 (started by hail in /home/hail/springBoot/Assessment/delivery)
2020-12-06 11:19:50,144 DEBUG org.springframework.boot.StartupInfoLogger [main] Running with Spring Boot v2.4.0, Spring v5.3.1
2020-12-06 11:19:50,161 INFO org.springframework.boot.SpringApplication [main] No active profile set, falling back to default profiles: default
2020-12-06 11:19:50,136 INFO org.hibernate.validator.internal.util.Version [background-preinit] HV000001: Hibernate Validator 6.1.6.Final
2020-12-06 11:19:58,798 INFO org.springframework.data.repository.config.RepositoryConfigurationDelegate [main] Bootstrapping Spring Data MongoDB repositories in DEFAULT mode.
2020-12-06 11:19:58,980 INFO org.springframework.data.repository.config.RepositoryConfigurationDelegate [main] Finished Spring Data repository scanning in 166 ms. Found 2 MongoDB repository interfaces.
2020-12-06 11:20:03,764 INFO com.mongodb.diagnostics.logging.SLF4JLogger [main] Cluster created with settings {hosts=[127.0.0.1:27017], srvHost=cluster0.1aqqw.mongodb.net, mode=MULTIPLE, requiredClusterType=REPLICA_SET, serverSelectionTimeout='30000 ms', requiredReplicaSetName='atlas-o4qyqe-shard-0'}
2020-12-06 11:20:04,255 INFO com.mongodb.diagnostics.logging.SLF4JLogger [cluster-ClusterId{value='5fcc710b2e100520acb206b0', description='null'}-srv-cluster0.1aqqw.mongodb.net] Adding discovered server cluster0-shard-00-02.1aqqw.mongodb.net:27017 to client view of cluster
2020-12-06 11:20:04,674 INFO com.mongodb.diagnostics.logging.SLF4JLogger [cluster-ClusterId{value='5fcc710b2e100520acb206b0', description='null'}-srv-cluster0.1aqqw.mongodb.net] Adding discovered server cluster0-shard-00-00.1aqqw.mongodb.net:27017 to client view of cluster
2020-12-06 11:20:04,697 INFO com.mongodb.diagnostics.logging.SLF4JLogger [cluster-ClusterId{value='5fcc710b2e100520acb206b0', description='null'}-srv-cluster0.1aqqw.mongodb.net] Adding discovered server cluster0-shard-00-01.1aqqw.mongodb.net:27017 to client view of cluster
2020-12-06 11:20:08,751 INFO org.springframework.security.web.DefaultSecurityFilterChain [main] Will secure any request with [org.springframework.security.web.context.request.async.WebAsyncManagerIntegrationFilter@2f8f40cc, org.springframework.security.web.context.SecurityContextPersistenceFilter@1592e540, org.springframework.security.web.header.HeaderWriterFilter@74a5bef0, org.springframework.security.web.authentication.logout.LogoutFilter@14b26e90, org.springframework.security.web.authentication.www.BasicAuthenticationFilter@68f2363, org.springframework.security.web.savedrequest.RequestCacheAwareFilter@1fa18f87, org.springframework.security.web.servletapi.SecurityContextHolderAwareRequestFilter@5b88af70, org.springframework.security.web.authentication.AnonymousAuthenticationFilter@14d81f2c, org.springframework.security.web.session.SessionManagementFilter@1b8ee69d, org.springframework.security.web.access.ExceptionTranslationFilter@1c815814, org.springframework.security.web.access.intercept.FilterSecurityInterceptor@1aa59698]
2020-12-06 11:20:10,752 INFO org.springframework.scheduling.concurrent.ExecutorConfigurationSupport [main] Initializing ExecutorService 'applicationTaskExecutor'
2020-12-06 11:20:12,834 INFO org.springframework.mock.web.MockServletContext [main] Initializing Spring TestDispatcherServlet ''
2020-12-06 11:20:12,837 INFO org.springframework.web.servlet.FrameworkServlet [main] Initializing Servlet ''
2020-12-06 11:20:12,854 INFO org.springframework.boot.actuate.endpoint.web.EndpointLinksResolver [main] Exposing 2 endpoint(s) beneath base path '/actuator'
2020-12-06 11:20:12,919 INFO org.springframework.web.servlet.FrameworkServlet [main] Completed initialization in 80 ms
2020-12-06 11:20:13,191 INFO org.springframework.boot.StartupInfoLogger [main] Started DeliveryControllerTest in 26.355 seconds (JVM running for 39.663)
2020-12-06 11:20:16,212 INFO org.springframework.mock.web.MockServletContext [main] Initializing Spring TestDispatcherServlet ''
2020-12-06 11:20:16,214 INFO org.springframework.web.servlet.FrameworkServlet [main] Initializing Servlet ''
2020-12-06 11:20:16,217 INFO org.springframework.web.servlet.FrameworkServlet [main] Completed initialization in 1 ms
2020-12-06 11:20:16,908 INFO org.springframework.scheduling.concurrent.ExecutorConfigurationSupport [SpringContextShutdownHook] Shutting down ExecutorService 'applicationTaskExecutor'
2020-12-06 12:06:14,568 INFO org.hibernate.validator.internal.util.Version [background-preinit] HV000001: Hibernate Validator 6.1.6.Final
2020-12-06 12:06:14,691 INFO org.springframework.boot.StartupInfoLogger [Test worker] Starting DeliveryControllerIntegrationTest using Java 11.0.9.1 on hail-Inspiron-3542 with PID 10023 (started by hail in /home/hail/springBoot/Assessment/delivery)
2020-12-06 12:06:14,696 DEBUG org.springframework.boot.StartupInfoLogger [Test worker] Running with Spring Boot v2.4.0, Spring v5.3.1
2020-12-06 12:06:14,702 INFO org.springframework.boot.SpringApplication [Test worker] The following profiles are active: test
2020-12-06 12:06:18,346 INFO org.springframework.data.repository.config.RepositoryConfigurationDelegate [Test worker] Bootstrapping Spring Data MongoDB repositories in DEFAULT mode.
2020-12-06 12:06:18,710 INFO org.springframework.data.repository.config.RepositoryConfigurationDelegate [Test worker] Finished Spring Data repository scanning in 356 ms. Found 2 MongoDB repository interfaces.
2020-12-06 12:06:21,339 INFO org.springframework.boot.web.embedded.tomcat.TomcatWebServer [Test worker] Tomcat initialized with port(s): 0 (http)
2020-12-06 12:06:21,403 INFO org.apache.juli.logging.DirectJDKLog [Test worker] Initializing ProtocolHandler ["http-nio-auto-1"]
2020-12-06 12:06:21,406 INFO org.apache.juli.logging.DirectJDKLog [Test worker] Starting service [Tomcat]
2020-12-06 12:06:21,409 INFO org.apache.juli.logging.DirectJDKLog [Test worker] Starting Servlet engine: [Apache Tomcat/9.0.39]
2020-12-06 12:06:21,720 INFO org.apache.juli.logging.DirectJDKLog [Test worker] Initializing Spring embedded WebApplicationContext
2020-12-06 12:06:21,723 INFO org.springframework.boot.web.servlet.context.ServletWebServerApplicationContext [Test worker] Root WebApplicationContext: initialization completed in 5771 ms
2020-12-06 12:06:23,294 INFO com.mongodb.diagnostics.logging.SLF4JLogger [Test worker] Cluster created with settings {hosts=[127.0.0.1:27017], srvHost=cluster0.1aqqw.mongodb.net, mode=MULTIPLE, requiredClusterType=REPLICA_SET, serverSelectionTimeout='30000 ms', requiredReplicaSetName='atlas-o4qyqe-shard-0'}
2020-12-06 12:06:23,426 INFO com.mongodb.diagnostics.logging.SLF4JLogger [cluster-ClusterId{value='5fcc7be743997717cb8b3610', description='null'}-srv-cluster0.1aqqw.mongodb.net] Adding discovered server cluster0-shard-00-02.1aqqw.mongodb.net:27017 to client view of cluster
2020-12-06 12:06:23,554 INFO com.mongodb.diagnostics.logging.SLF4JLogger [cluster-ClusterId{value='5fcc7be743997717cb8b3610', description='null'}-srv-cluster0.1aqqw.mongodb.net] Adding discovered server cluster0-shard-00-00.1aqqw.mongodb.net:27017 to client view of cluster
2020-12-06 12:06:23,569 INFO com.mongodb.diagnostics.logging.SLF4JLogger [cluster-ClusterId{value='5fcc7be743997717cb8b3610', description='null'}-srv-cluster0.1aqqw.mongodb.net] Adding discovered server cluster0-shard-00-01.1aqqw.mongodb.net:27017 to client view of cluster
2020-12-06 12:06:25,954 INFO org.springframework.security.web.DefaultSecurityFilterChain [Test worker] Will secure any request with [org.springframework.security.web.context.request.async.WebAsyncManagerIntegrationFilter@65fc5b19, org.springframework.security.web.context.SecurityContextPersistenceFilter@4bf3e239, org.springframework.security.web.header.HeaderWriterFilter@34e9f964, org.springframework.security.web.authentication.logout.LogoutFilter@315de709, org.springframework.security.web.authentication.www.BasicAuthenticationFilter@dd9e33f, org.springframework.security.web.savedrequest.RequestCacheAwareFilter@2ec2b22f, org.springframework.security.web.servletapi.SecurityContextHolderAwareRequestFilter@1c16825c, org.springframework.security.web.authentication.AnonymousAuthenticationFilter@70446ffe, org.springframework.security.web.session.SessionManagementFilter@300888c4, org.springframework.security.web.access.ExceptionTranslationFilter@46f22162, org.springframework.security.web.access.intercept.FilterSecurityInterceptor@a04d7b8]
2020-12-06 12:06:26,865 INFO org.springframework.scheduling.concurrent.ExecutorConfigurationSupport [Test worker] Initializing ExecutorService 'applicationTaskExecutor'
2020-12-06 12:06:28,097 INFO org.springframework.boot.actuate.endpoint.web.EndpointLinksResolver [Test worker] Exposing 2 endpoint(s) beneath base path '/actuator'
2020-12-06 12:06:28,696 INFO org.apache.juli.logging.DirectJDKLog [Test worker] Starting ProtocolHandler ["http-nio-auto-1"]
2020-12-06 12:06:28,795 INFO org.springframework.boot.web.embedded.tomcat.TomcatWebServer [Test worker] Tomcat started on port(s): 35567 (http) with context path ''
2020-12-06 12:06:28,847 INFO org.springframework.boot.StartupInfoLogger [Test worker] Started DeliveryControllerIntegrationTest in 16.431 seconds (JVM running for 23.765)
2020-12-06 12:06:33,696 INFO org.apache.juli.logging.DirectJDKLog [http-nio-auto-1-exec-1] Initializing Spring DispatcherServlet 'dispatcherServlet'
2020-12-06 12:06:33,698 INFO org.springframework.web.servlet.FrameworkServlet [http-nio-auto-1-exec-1] Initializing Servlet 'dispatcherServlet'
2020-12-06 12:06:33,704 INFO org.springframework.web.servlet.FrameworkServlet [http-nio-auto-1-exec-1] Completed initialization in 4 ms
2020-12-06 12:06:35,035 INFO com.mongodb.diagnostics.logging.SLF4JLogger [http-nio-auto-1-exec-2] No server chosen by com.mongodb.client.internal.MongoClientDelegate$1@156a74f from cluster description ClusterDescription{type=REPLICA_SET, connectionMode=MULTIPLE, serverDescriptions=[ServerDescription{address=cluster0-shard-00-00.1aqqw.mongodb.net:27017, type=UNKNOWN, state=CONNECTING}, ServerDescription{address=cluster0-shard-00-01.1aqqw.mongodb.net:27017, type=UNKNOWN, state=CONNECTING}, ServerDescription{address=cluster0-shard-00-02.1aqqw.mongodb.net:27017, type=UNKNOWN, state=CONNECTING}]}. Waiting for 30000 ms before timing out
2020-12-06 12:06:44,690 INFO com.mongodb.diagnostics.logging.SLF4JLogger [cluster-rtt-ClusterId{value='5fcc7be743997717cb8b3610', description='null'}-cluster0-shard-00-01.1aqqw.mongodb.net:27017] Opened connection [connectionId{localValue:5, serverValue:61774}] to cluster0-shard-00-01.1aqqw.mongodb.net:27017
2020-12-06 12:06:44,691 INFO com.mongodb.diagnostics.logging.SLF4JLogger [cluster-ClusterId{value='5fcc7be743997717cb8b3610', description='null'}-cluster0-shard-00-01.1aqqw.mongodb.net:27017] Opened connection [connectionId{localValue:6, serverValue:61983}] to cluster0-shard-00-01.1aqqw.mongodb.net:27017
2020-12-06 12:06:44,693 INFO com.mongodb.diagnostics.logging.SLF4JLogger [cluster-ClusterId{value='5fcc7be743997717cb8b3610', description='null'}-cluster0-shard-00-01.1aqqw.mongodb.net:27017] Monitor thread successfully connected to server with description ServerDescription{address=cluster0-shard-00-01.1aqqw.mongodb.net:27017, type=REPLICA_SET_PRIMARY, state=CONNECTED, ok=true, minWireVersion=0, maxWireVersion=8, maxDocumentSize=16777216, logicalSessionTimeoutMinutes=30, roundTripTimeNanos=2575125238, setName='atlas-o4qyqe-shard-0', canonicalAddress=cluster0-shard-00-01.1aqqw.mongodb.net:27017, hosts=[cluster0-shard-00-02.1aqqw.mongodb.net:27017, cluster0-shard-00-00.1aqqw.mongodb.net:27017, cluster0-shard-00-01.1aqqw.mongodb.net:27017], passives=[], arbiters=[], primary='cluster0-shard-00-01.1aqqw.mongodb.net:27017', tagSet=TagSet{[Tag{name='nodeType', value='ELECTABLE'}, Tag{name='provider', value='AZURE'}, Tag{name='region', value='US_EAST_2'}, Tag{name='workloadType', value='OPERATIONAL'}]}, electionId=7fffffff0000000000000003, setVersion=1, topologyVersion=null, lastWriteDate=Sun Dec 06 12:06:43 IST 2020, lastUpdateTimeNanos=4664346059542}
2020-12-06 12:06:44,691 INFO com.mongodb.diagnostics.logging.SLF4JLogger [cluster-rtt-ClusterId{value='5fcc7be743997717cb8b3610', description='null'}-cluster0-shard-00-00.1aqqw.mongodb.net:27017] Opened connection [connectionId{localValue:3, serverValue:48758}] to cluster0-shard-00-00.1aqqw.mongodb.net:27017
2020-12-06 12:06:44,691 INFO com.mongodb.diagnostics.logging.SLF4JLogger [cluster-rtt-ClusterId{value='5fcc7be743997717cb8b3610', description='null'}-cluster0-shard-00-02.1aqqw.mongodb.net:27017] Opened connection [connectionId{localValue:1, serverValue:49202}] to cluster0-shard-00-02.1aqqw.mongodb.net:27017
2020-12-06 12:06:44,692 INFO com.mongodb.diagnostics.logging.SLF4JLogger [cluster-ClusterId{value='5fcc7be743997717cb8b3610', description='null'}-cluster0-shard-00-02.1aqqw.mongodb.net:27017] Opened connection [connectionId{localValue:2, serverValue:49202}] to cluster0-shard-00-02.1aqqw.mongodb.net:27017
2020-12-06 12:06:44,692 INFO com.mongodb.diagnostics.logging.SLF4JLogger [cluster-ClusterId{value='5fcc7be743997717cb8b3610', description='null'}-cluster0-shard-00-00.1aqqw.mongodb.net:27017] Opened connection [connectionId{localValue:4, serverValue:48758}] to cluster0-shard-00-00.1aqqw.mongodb.net:27017
2020-12-06 12:06:44,698 INFO com.mongodb.diagnostics.logging.SLF4JLogger [cluster-ClusterId{value='5fcc7be743997717cb8b3610', description='null'}-cluster0-shard-00-00.1aqqw.mongodb.net:27017] Monitor thread successfully connected to server with description ServerDescription{address=cluster0-shard-00-00.1aqqw.mongodb.net:27017, type=REPLICA_SET_SECONDARY, state=CONNECTED, ok=true, minWireVersion=0, maxWireVersion=8, maxDocumentSize=16777216, logicalSessionTimeoutMinutes=30, roundTripTimeNanos=2555752686, setName='atlas-o4qyqe-shard-0', canonicalAddress=cluster0-shard-00-00.1aqqw.mongodb.net:27017, hosts=[cluster0-shard-00-02.1aqqw.mongodb.net:27017, cluster0-shard-00-00.1aqqw.mongodb.net:27017, cluster0-shard-00-01.1aqqw.mongodb.net:27017], passives=[], arbiters=[], primary='cluster0-shard-00-01.1aqqw.mongodb.net:27017', tagSet=TagSet{[Tag{name='nodeType', value='ELECTABLE'}, Tag{name='provider', value='AZURE'}, Tag{name='region', value='US_EAST_2'}, Tag{name='workloadType', value='OPERATIONAL'}]}, electionId=null, setVersion=1, topologyVersion=null, lastWriteDate=Sun Dec 06 12:06:43 IST 2020, lastUpdateTimeNanos=4664345626586}
2020-12-06 12:06:44,700 INFO com.mongodb.diagnostics.logging.SLF4JLogger [cluster-ClusterId{value='5fcc7be743997717cb8b3610', description='null'}-cluster0-shard-00-02.1aqqw.mongodb.net:27017] Monitor thread successfully connected to server with description ServerDescription{address=cluster0-shard-00-02.1aqqw.mongodb.net:27017, type=REPLICA_SET_SECONDARY, state=CONNECTED, ok=true, minWireVersion=0, maxWireVersion=8, maxDocumentSize=16777216, logicalSessionTimeoutMinutes=30, roundTripTimeNanos=2575719628, setName='atlas-o4qyqe-shard-0', canonicalAddress=cluster0-shard-00-02.1aqqw.mongodb.net:27017, hosts=[cluster0-shard-00-02.1aqqw.mongodb.net:27017, cluster0-shard-00-00.1aqqw.mongodb.net:27017, cluster0-shard-00-01.1aqqw.mongodb.net:27017], passives=[], arbiters=[], primary='cluster0-shard-00-01.1aqqw.mongodb.net:27017', tagSet=TagSet{[Tag{name='nodeType', value='ELECTABLE'}, Tag{name='provider', value='AZURE'}, Tag{name='region', value='US_EAST_2'}, Tag{name='workloadType', value='OPERATIONAL'}]}, electionId=null, setVersion=1, topologyVersion=null, lastWriteDate=Sun Dec 06 12:06:43 IST 2020, lastUpdateTimeNanos=4664345310303}
2020-12-06 12:06:44,702 INFO com.mongodb.diagnostics.logging.SLF4JLogger [cluster-ClusterId{value='5fcc7be743997717cb8b3610', description='null'}-cluster0-shard-00-01.1aqqw.mongodb.net:27017] Setting max election id to 7fffffff0000000000000003 from replica set primary cluster0-shard-00-01.1aqqw.mongodb.net:27017
2020-12-06 12:06:44,704 INFO com.mongodb.diagnostics.logging.SLF4JLogger [cluster-ClusterId{value='5fcc7be743997717cb8b3610', description='null'}-cluster0-shard-00-01.1aqqw.mongodb.net:27017] Setting max set version to 1 from replica set primary cluster0-shard-00-01.1aqqw.mongodb.net:27017
2020-12-06 12:06:44,705 INFO com.mongodb.diagnostics.logging.SLF4JLogger [cluster-ClusterId{value='5fcc7be743997717cb8b3610', description='null'}-cluster0-shard-00-01.1aqqw.mongodb.net:27017] Discovered replica set primary cluster0-shard-00-01.1aqqw.mongodb.net:27017
2020-12-06 12:06:46,157 INFO com.mongodb.diagnostics.logging.SLF4JLogger [http-nio-auto-1-exec-2] Opened connection [connectionId{localValue:7, serverValue:61983}] to cluster0-shard-00-01.1aqqw.mongodb.net:27017
2020-12-06 12:06:46,530 INFO com.parcel.delivery.service.impl.DeliveryServiceImpl [http-nio-auto-1-exec-2] Updating delivery Status for X1234
2020-12-06 12:06:47,759 INFO com.parcel.delivery.service.impl.DeliveryServiceImpl [http-nio-auto-1-exec-4] Created new Delivery entry  X5678
2020-12-06 12:06:50,717 INFO org.springframework.mock.web.MockServletContext [Test worker] Initializing Spring TestDispatcherServlet ''
2020-12-06 12:06:50,718 INFO org.springframework.web.servlet.FrameworkServlet [Test worker] Initializing Servlet ''
2020-12-06 12:06:50,720 INFO org.springframework.web.servlet.FrameworkServlet [Test worker] Completed initialization in 0 ms
2020-12-06 12:06:50,886 INFO org.springframework.mock.web.MockServletContext [Test worker] Initializing Spring TestDispatcherServlet ''
2020-12-06 12:06:50,888 INFO org.springframework.web.servlet.FrameworkServlet [Test worker] Initializing Servlet ''
2020-12-06 12:06:50,890 INFO org.springframework.web.servlet.FrameworkServlet [Test worker] Completed initialization in 1 ms
2020-12-06 12:06:50,999 INFO org.springframework.mock.web.MockServletContext [Test worker] Initializing Spring TestDispatcherServlet ''
2020-12-06 12:06:51,008 INFO org.springframework.web.servlet.FrameworkServlet [Test worker] Initializing Servlet ''
2020-12-06 12:06:51,009 INFO org.springframework.web.servlet.FrameworkServlet [Test worker] Completed initialization in 0 ms
2020-12-06 12:06:51,298 INFO com.parcel.delivery.service.impl.DeliveryServiceImpl [Test worker] Created new Delivery entry  X5678
2020-12-06 12:06:51,524 INFO com.parcel.delivery.service.impl.DeliveryServiceImpl [Test worker] Updating delivery Status for X1234
2020-12-06 12:06:51,538 INFO org.springframework.test.context.support.AbstractTestContextBootstrapper [Test worker] Neither @ContextConfiguration nor @ContextHierarchy found for test class [com.parcel.delivery.DeliveryApplicationTests], using SpringBootContextLoader
2020-12-06 12:06:51,540 INFO org.springframework.test.context.support.AbstractContextLoader [Test worker] Could not detect default resource locations for test class [com.parcel.delivery.DeliveryApplicationTests]: no resource found for suffixes {-context.xml, Context.groovy}.
2020-12-06 12:06:51,541 INFO org.springframework.test.context.support.AnnotationConfigContextLoaderUtils [Test worker] Could not detect default configuration classes for test class [com.parcel.delivery.DeliveryApplicationTests]: DeliveryApplicationTests does not declare any static, non-private, non-final, nested classes annotated with @Configuration.
2020-12-06 12:06:51,844 INFO org.springframework.boot.test.context.SpringBootTestContextBootstrapper [Test worker] Found @SpringBootConfiguration com.parcel.delivery.DeliveryApplication for test class com.parcel.delivery.DeliveryApplicationTests
2020-12-06 12:06:51,854 INFO org.springframework.test.context.support.AbstractTestContextBootstrapper [Test worker] Loaded default TestExecutionListener class names from location [META-INF/spring.factories]: [org.springframework.security.test.context.support.WithSecurityContextTestExecutionListener, org.springframework.security.test.context.support.ReactorContextTestExecutionListener, org.springframework.boot.test.autoconfigure.restdocs.RestDocsTestExecutionListener, org.springframework.boot.test.autoconfigure.web.client.MockRestServiceServerResetTestExecutionListener, org.springframework.boot.test.autoconfigure.web.servlet.MockMvcPrintOnlyOnFailureTestExecutionListener, org.springframework.boot.test.autoconfigure.web.servlet.WebDriverTestExecutionListener, org.springframework.boot.test.autoconfigure.webservices.client.MockWebServiceServerTestExecutionListener, org.springframework.boot.test.mock.mockito.MockitoTestExecutionListener, org.springframework.boot.test.mock.mockito.ResetMocksTestExecutionListener, org.springframework.test.context.web.ServletTestExecutionListener, org.springframework.test.context.support.DirtiesContextBeforeModesTestExecutionListener, org.springframework.test.context.support.DependencyInjectionTestExecutionListener, org.springframework.test.context.support.DirtiesContextTestExecutionListener, org.springframework.test.context.transaction.TransactionalTestExecutionListener, org.springframework.test.context.jdbc.SqlScriptsTestExecutionListener, org.springframework.test.context.event.EventPublishingTestExecutionListener]
2020-12-06 12:06:51,858 INFO org.springframework.test.context.support.AbstractTestContextBootstrapper [Test worker] Using TestExecutionListeners: [org.springframework.test.context.web.ServletTestExecutionListener@8a32b88, org.springframework.test.context.support.DirtiesContextBeforeModesTestExecutionListener@22e647d0, org.springframework.boot.test.mock.mockito.MockitoTestExecutionListener@327f7023, org.springframework.boot.test.autoconfigure.SpringBootDependencyInjectionTestExecutionListener@230d0b5, org.springframework.test.context.support.DirtiesContextTestExecutionListener@13de5410, org.springframework.test.context.transaction.TransactionalTestExecutionListener@316597c, org.springframework.test.context.jdbc.SqlScriptsTestExecutionListener@4aa1df55, org.springframework.security.test.context.support.WithSecurityContextTestExecutionListener@4e100bcc, org.springframework.test.context.event.EventPublishingTestExecutionListener@2f0fb8ca, org.springframework.security.test.context.support.ReactorContextTestExecutionListener@1ee3c9ee, org.springframework.boot.test.autoconfigure.restdocs.RestDocsTestExecutionListener@5a7cf610, org.springframework.boot.test.autoconfigure.web.client.MockRestServiceServerResetTestExecutionListener@147cd8f8, org.springframework.boot.test.autoconfigure.web.servlet.MockMvcPrintOnlyOnFailureTestExecutionListener@4667fb55, org.springframework.boot.test.autoconfigure.web.servlet.WebDriverTestExecutionListener@464bf6ce, org.springframework.boot.test.autoconfigure.webservices.client.MockWebServiceServerTestExecutionListener@7b3a4461, org.springframework.boot.test.mock.mockito.ResetMocksTestExecutionListener@973f8e6]
2020-12-06 12:06:52,087 INFO org.springframework.boot.StartupInfoLogger [Test worker] Starting DeliveryApplicationTests using Java 11.0.9.1 on hail-Inspiron-3542 with PID 10023 (started by hail in /home/hail/springBoot/Assessment/delivery)
2020-12-06 12:06:52,097 DEBUG org.springframework.boot.StartupInfoLogger [Test worker] Running with Spring Boot v2.4.0, Spring v5.3.1
2020-12-06 12:06:52,102 INFO org.springframework.boot.SpringApplication [Test worker] No active profile set, falling back to default profiles: default
2020-12-06 12:06:53,103 INFO org.springframework.data.repository.config.RepositoryConfigurationDelegate [Test worker] Bootstrapping Spring Data MongoDB repositories in DEFAULT mode.
2020-12-06 12:06:53,121 INFO org.springframework.data.repository.config.RepositoryConfigurationDelegate [Test worker] Finished Spring Data repository scanning in 15 ms. Found 2 MongoDB repository interfaces.
2020-12-06 12:06:53,621 INFO com.mongodb.diagnostics.logging.SLF4JLogger [Test worker] Cluster created with settings {hosts=[127.0.0.1:27017], srvHost=cluster0.1aqqw.mongodb.net, mode=MULTIPLE, requiredClusterType=REPLICA_SET, serverSelectionTimeout='30000 ms', requiredReplicaSetName='atlas-o4qyqe-shard-0'}
2020-12-06 12:06:53,641 INFO com.mongodb.diagnostics.logging.SLF4JLogger [cluster-ClusterId{value='5fcc7c0543997717cb8b3611', description='null'}-srv-cluster0.1aqqw.mongodb.net] Adding discovered server cluster0-shard-00-02.1aqqw.mongodb.net:27017 to client view of cluster
2020-12-06 12:06:53,652 INFO com.mongodb.diagnostics.logging.SLF4JLogger [cluster-ClusterId{value='5fcc7c0543997717cb8b3611', description='null'}-srv-cluster0.1aqqw.mongodb.net] Adding discovered server cluster0-shard-00-01.1aqqw.mongodb.net:27017 to client view of cluster
2020-12-06 12:06:53,671 INFO com.mongodb.diagnostics.logging.SLF4JLogger [cluster-ClusterId{value='5fcc7c0543997717cb8b3611', description='null'}-srv-cluster0.1aqqw.mongodb.net] Adding discovered server cluster0-shard-00-00.1aqqw.mongodb.net:27017 to client view of cluster
2020-12-06 12:06:54,397 INFO com.mongodb.diagnostics.logging.SLF4JLogger [cluster-ClusterId{value='5fcc7c0543997717cb8b3611', description='null'}-cluster0-shard-00-02.1aqqw.mongodb.net:27017] Opened connection [connectionId{localValue:8, serverValue:49060}] to cluster0-shard-00-02.1aqqw.mongodb.net:27017
2020-12-06 12:06:54,401 INFO com.mongodb.diagnostics.logging.SLF4JLogger [cluster-ClusterId{value='5fcc7c0543997717cb8b3611', description='null'}-cluster0-shard-00-02.1aqqw.mongodb.net:27017] Monitor thread successfully connected to server with description ServerDescription{address=cluster0-shard-00-02.1aqqw.mongodb.net:27017, type=REPLICA_SET_SECONDARY, state=CONNECTED, ok=true, minWireVersion=0, maxWireVersion=8, maxDocumentSize=16777216, logicalSessionTimeoutMinutes=30, roundTripTimeNanos=506107407, setName='atlas-o4qyqe-shard-0', canonicalAddress=cluster0-shard-00-02.1aqqw.mongodb.net:27017, hosts=[cluster0-shard-00-02.1aqqw.mongodb.net:27017, cluster0-shard-00-00.1aqqw.mongodb.net:27017, cluster0-shard-00-01.1aqqw.mongodb.net:27017], passives=[], arbiters=[], primary='cluster0-shard-00-01.1aqqw.mongodb.net:27017', tagSet=TagSet{[Tag{name='nodeType', value='ELECTABLE'}, Tag{name='provider', value='AZURE'}, Tag{name='region', value='US_EAST_2'}, Tag{name='workloadType', value='OPERATIONAL'}]}, electionId=null, setVersion=1, topologyVersion=null, lastWriteDate=Sun Dec 06 12:06:47 IST 2020, lastUpdateTimeNanos=4674054601508}
2020-12-06 12:06:54,496 INFO com.mongodb.diagnostics.logging.SLF4JLogger [cluster-rtt-ClusterId{value='5fcc7c0543997717cb8b3611', description='null'}-cluster0-shard-00-01.1aqqw.mongodb.net:27017] Opened connection [connectionId{localValue:11, serverValue:61749}] to cluster0-shard-00-01.1aqqw.mongodb.net:27017
2020-12-06 12:06:54,498 INFO com.mongodb.diagnostics.logging.SLF4JLogger [cluster-rtt-ClusterId{value='5fcc7c0543997717cb8b3611', description='null'}-cluster0-shard-00-00.1aqqw.mongodb.net:27017] Opened connection [connectionId{localValue:13, serverValue:48720}] to cluster0-shard-00-00.1aqqw.mongodb.net:27017
2020-12-06 12:06:54,516 INFO com.mongodb.diagnostics.logging.SLF4JLogger [cluster-rtt-ClusterId{value='5fcc7c0543997717cb8b3611', description='null'}-cluster0-shard-00-02.1aqqw.mongodb.net:27017] Opened connection [connectionId{localValue:9, serverValue:49060}] to cluster0-shard-00-02.1aqqw.mongodb.net:27017
2020-12-06 12:06:54,520 INFO com.mongodb.diagnostics.logging.SLF4JLogger [cluster-ClusterId{value='5fcc7c0543997717cb8b3611', description='null'}-cluster0-shard-00-01.1aqqw.mongodb.net:27017] Opened connection [connectionId{localValue:10, serverValue:61749}] to cluster0-shard-00-01.1aqqw.mongodb.net:27017
2020-12-06 12:06:54,522 INFO com.mongodb.diagnostics.logging.SLF4JLogger [cluster-ClusterId{value='5fcc7c0543997717cb8b3611', description='null'}-cluster0-shard-00-01.1aqqw.mongodb.net:27017] Monitor thread successfully connected to server with description ServerDescription{address=cluster0-shard-00-01.1aqqw.mongodb.net:27017, type=REPLICA_SET_PRIMARY, state=CONNECTED, ok=true, minWireVersion=0, maxWireVersion=8, maxDocumentSize=16777216, logicalSessionTimeoutMinutes=30, roundTripTimeNanos=610291453, setName='atlas-o4qyqe-shard-0', canonicalAddress=cluster0-shard-00-01.1aqqw.mongodb.net:27017, hosts=[cluster0-shard-00-02.1aqqw.mongodb.net:27017, cluster0-shard-00-00.1aqqw.mongodb.net:27017, cluster0-shard-00-01.1aqqw.mongodb.net:27017], passives=[], arbiters=[], primary='cluster0-shard-00-01.1aqqw.mongodb.net:27017', tagSet=TagSet{[Tag{name='nodeType', value='ELECTABLE'}, Tag{name='provider', value='AZURE'}, Tag{name='region', value='US_EAST_2'}, Tag{name='workloadType', value='OPERATIONAL'}]}, electionId=7fffffff0000000000000003, setVersion=1, topologyVersion=null, lastWriteDate=Sun Dec 06 12:06:47 IST 2020, lastUpdateTimeNanos=4674178231730}
2020-12-06 12:06:54,523 INFO com.mongodb.diagnostics.logging.SLF4JLogger [cluster-ClusterId{value='5fcc7c0543997717cb8b3611', description='null'}-cluster0-shard-00-01.1aqqw.mongodb.net:27017] Setting max election id to 7fffffff0000000000000003 from replica set primary cluster0-shard-00-01.1aqqw.mongodb.net:27017
2020-12-06 12:06:54,524 INFO com.mongodb.diagnostics.logging.SLF4JLogger [cluster-ClusterId{value='5fcc7c0543997717cb8b3611', description='null'}-cluster0-shard-00-01.1aqqw.mongodb.net:27017] Setting max set version to 1 from replica set primary cluster0-shard-00-01.1aqqw.mongodb.net:27017
2020-12-06 12:06:54,524 INFO com.mongodb.diagnostics.logging.SLF4JLogger [cluster-ClusterId{value='5fcc7c0543997717cb8b3611', description='null'}-cluster0-shard-00-01.1aqqw.mongodb.net:27017] Discovered replica set primary cluster0-shard-00-01.1aqqw.mongodb.net:27017
2020-12-06 12:06:54,525 INFO com.mongodb.diagnostics.logging.SLF4JLogger [cluster-ClusterId{value='5fcc7c0543997717cb8b3611', description='null'}-cluster0-shard-00-00.1aqqw.mongodb.net:27017] Opened connection [connectionId{localValue:12, serverValue:48720}] to cluster0-shard-00-00.1aqqw.mongodb.net:27017
2020-12-06 12:06:54,527 INFO com.mongodb.diagnostics.logging.SLF4JLogger [cluster-ClusterId{value='5fcc7c0543997717cb8b3611', description='null'}-cluster0-shard-00-00.1aqqw.mongodb.net:27017] Monitor thread successfully connected to server with description ServerDescription{address=cluster0-shard-00-00.1aqqw.mongodb.net:27017, type=REPLICA_SET_SECONDARY, state=CONNECTED, ok=true, minWireVersion=0, maxWireVersion=8, maxDocumentSize=16777216, logicalSessionTimeoutMinutes=30, roundTripTimeNanos=593450366, setName='atlas-o4qyqe-shard-0', canonicalAddress=cluster0-shard-00-00.1aqqw.mongodb.net:27017, hosts=[cluster0-shard-00-02.1aqqw.mongodb.net:27017, cluster0-shard-00-00.1aqqw.mongodb.net:27017, cluster0-shard-00-01.1aqqw.mongodb.net:27017], passives=[], arbiters=[], primary='cluster0-shard-00-01.1aqqw.mongodb.net:27017', tagSet=TagSet{[Tag{name='nodeType', value='ELECTABLE'}, Tag{name='provider', value='AZURE'}, Tag{name='region', value='US_EAST_2'}, Tag{name='workloadType', value='OPERATIONAL'}]}, electionId=null, setVersion=1, topologyVersion=null, lastWriteDate=Sun Dec 06 12:06:47 IST 2020, lastUpdateTimeNanos=4674182452973}
2020-12-06 12:06:54,607 INFO org.springframework.security.web.DefaultSecurityFilterChain [Test worker] Will secure any request with [org.springframework.security.web.context.request.async.WebAsyncManagerIntegrationFilter@2c3b1574, org.springframework.security.web.context.SecurityContextPersistenceFilter@5c9b4f30, org.springframework.security.web.header.HeaderWriterFilter@fccf1c, org.springframework.security.web.authentication.logout.LogoutFilter@69a427c, org.springframework.security.web.authentication.www.BasicAuthenticationFilter@66b66101, org.springframework.security.web.savedrequest.RequestCacheAwareFilter@2ee218a, org.springframework.security.web.servletapi.SecurityContextHolderAwareRequestFilter@648c9ae4, org.springframework.security.web.authentication.AnonymousAuthenticationFilter@72a1fc4e, org.springframework.security.web.session.SessionManagementFilter@32eacf96, org.springframework.security.web.access.ExceptionTranslationFilter@391cf6e7, org.springframework.security.web.access.intercept.FilterSecurityInterceptor@4e7390c0]
2020-12-06 12:06:54,968 INFO org.springframework.scheduling.concurrent.ExecutorConfigurationSupport [Test worker] Initializing ExecutorService 'applicationTaskExecutor'
2020-12-06 12:06:55,829 INFO org.springframework.boot.actuate.endpoint.web.EndpointLinksResolver [Test worker] Exposing 2 endpoint(s) beneath base path '/actuator'
2020-12-06 12:06:55,929 INFO org.springframework.boot.StartupInfoLogger [Test worker] Started DeliveryApplicationTests in 4.01 seconds (JVM running for 50.847)
2020-12-06 12:06:56,084 INFO org.springframework.scheduling.concurrent.ExecutorConfigurationSupport [SpringContextShutdownHook] Shutting down ExecutorService 'applicationTaskExecutor'
2020-12-06 12:06:56,211 INFO org.springframework.scheduling.concurrent.ExecutorConfigurationSupport [SpringContextShutdownHook] Shutting down ExecutorService 'applicationTaskExecutor'
